   1               		.file	"tasks.c"
   2               	__SREG__ = 0x3f
   3               	__SP_H__ = 0x3e
   4               	__SP_L__ = 0x3d
   5               	__CCP__  = 0x34
   6               	__tmp_reg__ = 0
   7               	__zero_reg__ = 1
  15               	.Ltext0:
  16               	.global	Tasks_Task8
  18               	Tasks_Task8:
  19               	.LFB14:
  20               	.LM1:
  21               	/* prologue: function */
  22               	/* frame size = 0 */
  23               	.LM2:
  24 0000 80E0      		ldi r24,lo8(0)
  25 0002 90E0      		ldi r25,hi8(0)
  26 0004 0E94 0000 		call Debug_Init
  27               	.L2:
  28               	.LM3:
  29 0008 88E0      		ldi r24,lo8(8)
  30 000a 0E94 0000 		call Debug_Tx_Byte_Conf
  31 000e 00C0      		rjmp .L2
  32               	.LFE14:
  34               	.global	Tasks_Task7
  36               	Tasks_Task7:
  37               	.LFB13:
  38               	.LM4:
  39               	/* prologue: function */
  40               	/* frame size = 0 */
  41               	.LM5:
  42 0010 80E0      		ldi r24,lo8(0)
  43 0012 90E0      		ldi r25,hi8(0)
  44 0014 0E94 0000 		call Debug_Init
  45               	.L5:
  46               	.LM6:
  47 0018 87E0      		ldi r24,lo8(7)
  48 001a 0E94 0000 		call Debug_Tx_Byte_Conf
  49 001e 00C0      		rjmp .L5
  50               	.LFE13:
  52               	.global	Tasks_Task6
  54               	Tasks_Task6:
  55               	.LFB12:
  56               	.LM7:
  57               	/* prologue: function */
  58               	/* frame size = 0 */
  59               	.LM8:
  60 0020 80E0      		ldi r24,lo8(0)
  61 0022 90E0      		ldi r25,hi8(0)
  62 0024 0E94 0000 		call Debug_Init
  63               	.L8:
  64               	.LM9:
  65 0028 86E0      		ldi r24,lo8(6)
  66 002a 0E94 0000 		call Debug_Tx_Byte_Conf
  67 002e 00C0      		rjmp .L8
  68               	.LFE12:
  70               	.global	Tasks_Task5
  72               	Tasks_Task5:
  73               	.LFB11:
  74               	.LM10:
  75               	/* prologue: function */
  76               	/* frame size = 0 */
  77               	.LM11:
  78 0030 80E0      		ldi r24,lo8(0)
  79 0032 90E0      		ldi r25,hi8(0)
  80 0034 0E94 0000 		call Debug_Init
  81               	.L11:
  82               	.LM12:
  83 0038 85E0      		ldi r24,lo8(5)
  84 003a 0E94 0000 		call Debug_Tx_Byte_Conf
  85 003e 00C0      		rjmp .L11
  86               	.LFE11:
  88               	.global	Tasks_Task4
  90               	Tasks_Task4:
  91               	.LFB10:
  92               	.LM13:
  93               	/* prologue: function */
  94               	/* frame size = 0 */
  95               	.LM14:
  96 0040 80E0      		ldi r24,lo8(0)
  97 0042 90E0      		ldi r25,hi8(0)
  98 0044 0E94 0000 		call Debug_Init
  99               	.LM15:
 100 0048 88EE      		ldi r24,lo8(1000)
 101 004a 93E0      		ldi r25,hi8(1000)
 102 004c 0E94 0000 		call Kernel_Task_Sleep
 103               	.L14:
 104               	.LM16:
 105 0050 84E0      		ldi r24,lo8(4)
 106 0052 0E94 0000 		call Debug_Tx_Byte
 107               	.LM17:
 108 0056 85E0      		ldi r24,lo8(5)
 109 0058 0E94 0000 		call Kernel_Task_Sleep_Time_Get
 110 005c 0E94 0000 		call Debug_Tx_Word
 111               	.LM18:
 112 0060 85E0      		ldi r24,lo8(5)
 113 0062 0E94 0000 		call Kernel_Task_Status_Get
 114 0066 805E      		subi r24,lo8(-(32))
 115 0068 0E94 0000 		call Debug_Tx_Byte
 116               	.LM19:
 117 006c 0E94 0000 		call Kernel_High_Prio_Task_ID_Get
 118 0070 805F      		subi r24,lo8(-(16))
 119 0072 0E94 0000 		call Debug_Tx_Byte
 120 0076 00C0      		rjmp .L14
 121               	.LFE10:
 123               	.global	Tasks_Task3
 125               	Tasks_Task3:
 126               	.LFB9:
 127               	.LM20:
 128               	/* prologue: function */
 129               	/* frame size = 0 */
 130               	.LM21:
 131 0078 80E0      		ldi r24,lo8(0)
 132 007a 90E0      		ldi r25,hi8(0)
 133 007c 0E94 0000 		call Debug_Init
 134               	.LM22:
 135 0080 80ED      		ldi r24,lo8(2000)
 136 0082 97E0      		ldi r25,hi8(2000)
 137 0084 0E94 0000 		call Kernel_Task_Sleep
 138               	.L17:
 139               	.LM23:
 140 0088 83E0      		ldi r24,lo8(3)
 141 008a 0E94 0000 		call Debug_Tx_Byte
 142               	.LM24:
 143 008e 84E0      		ldi r24,lo8(4)
 144 0090 0E94 0000 		call Kernel_Task_Sleep_Time_Get
 145 0094 0E94 0000 		call Debug_Tx_Word
 146               	.LM25:
 147 0098 84E0      		ldi r24,lo8(4)
 148 009a 0E94 0000 		call Kernel_Task_Status_Get
 149 009e 805E      		subi r24,lo8(-(32))
 150 00a0 0E94 0000 		call Debug_Tx_Byte
 151               	.LM26:
 152 00a4 0E94 0000 		call Kernel_High_Prio_Task_ID_Get
 153 00a8 805F      		subi r24,lo8(-(16))
 154 00aa 0E94 0000 		call Debug_Tx_Byte
 155 00ae 00C0      		rjmp .L17
 156               	.LFE9:
 158               	.global	Tasks_Task2
 160               	Tasks_Task2:
 161               	.LFB8:
 162               	.LM27:
 163 00b0 1F93      		push r17
 164               	/* prologue: function */
 165               	/* frame size = 0 */
 166               	.LM28:
 167 00b2 569A      		sbi 42-32,6
 168               	.LM29:
 169 00b4 80E0      		ldi r24,lo8(0)
 170 00b6 90E0      		ldi r25,hi8(0)
 171 00b8 0E94 0000 		call Debug_Init
 172               	.LM30:
 173 00bc 88EB      		ldi r24,lo8(3000)
 174 00be 9BE0      		ldi r25,hi8(3000)
 175 00c0 0E94 0000 		call Kernel_Task_Sleep
 176               	.LM31:
 177 00c4 10E4      		ldi r17,lo8(64)
 178               	.L20:
 179 00c6 8BB1      		in r24,43-32
 180 00c8 8127      		eor r24,r17
 181 00ca 8BB9      		out 43-32,r24
 182               	.LM32:
 183 00cc 82E0      		ldi r24,lo8(2)
 184 00ce 0E94 0000 		call Debug_Tx_Byte
 185               	.LM33:
 186 00d2 83E0      		ldi r24,lo8(3)
 187 00d4 0E94 0000 		call Kernel_Task_Sleep_Time_Get
 188 00d8 0E94 0000 		call Debug_Tx_Word
 189               	.LM34:
 190 00dc 83E0      		ldi r24,lo8(3)
 191 00de 0E94 0000 		call Kernel_Task_Status_Get
 192 00e2 805E      		subi r24,lo8(-(32))
 193 00e4 0E94 0000 		call Debug_Tx_Byte
 194               	.LM35:
 195 00e8 0E94 0000 		call Kernel_High_Prio_Task_ID_Get
 196 00ec 805F      		subi r24,lo8(-(16))
 197 00ee 0E94 0000 		call Debug_Tx_Byte
 198 00f2 00C0      		rjmp .L20
 199               	.LFE8:
 201               	.global	Tasks_Task1
 203               	Tasks_Task1:
 204               	.LFB7:
 205               	.LM36:
 206 00f4 1F93      		push r17
 207               	/* prologue: function */
 208               	/* frame size = 0 */
 209               	.LM37:
 210 00f6 559A      		sbi 42-32,5
 211               	.LM38:
 212 00f8 80E0      		ldi r24,lo8(0)
 213 00fa 90E0      		ldi r25,hi8(0)
 214 00fc 0E94 0000 		call Debug_Init
 215               	.LM39:
 216 0100 80EA      		ldi r24,lo8(4000)
 217 0102 9FE0      		ldi r25,hi8(4000)
 218 0104 0E94 0000 		call Kernel_Task_Sleep
 219               	.LM40:
 220 0108 10E2      		ldi r17,lo8(32)
 221               	.L23:
 222 010a 8BB1      		in r24,43-32
 223 010c 8127      		eor r24,r17
 224 010e 8BB9      		out 43-32,r24
 225               	.LM41:
 226 0110 81E0      		ldi r24,lo8(1)
 227 0112 0E94 0000 		call Debug_Tx_Byte
 228               	.LM42:
 229 0116 82E0      		ldi r24,lo8(2)
 230 0118 0E94 0000 		call Kernel_Task_Sleep_Time_Get
 231 011c 0E94 0000 		call Debug_Tx_Word
 232               	.LM43:
 233 0120 82E0      		ldi r24,lo8(2)
 234 0122 0E94 0000 		call Kernel_Task_Status_Get
 235 0126 805E      		subi r24,lo8(-(32))
 236 0128 0E94 0000 		call Debug_Tx_Byte
 237               	.LM44:
 238 012c 0E94 0000 		call Kernel_High_Prio_Task_ID_Get
 239 0130 805F      		subi r24,lo8(-(16))
 240 0132 0E94 0000 		call Debug_Tx_Byte
 241 0136 00C0      		rjmp .L23
 242               	.LFE7:
 244               	.global	Tasks_Task0
 246               	Tasks_Task0:
 247               	.LFB6:
 248               	.LM45:
 249               	/* prologue: function */
 250               	/* frame size = 0 */
 251               	.LM46:
 252 0138 80E0      		ldi r24,lo8(0)
 253 013a 90E0      		ldi r25,hi8(0)
 254 013c 0E94 0000 		call Debug_Init
 255               	.LM47:
 256 0140 88E8      		ldi r24,lo8(5000)
 257 0142 93E1      		ldi r25,hi8(5000)
 258 0144 0E94 0000 		call Kernel_Task_Sleep
 259               	.L26:
 260               	.LM48:
 261 0148 80E0      		ldi r24,lo8(0)
 262 014a 0E94 0000 		call Debug_Tx_Byte
 263               	.LM49:
 264 014e 81E0      		ldi r24,lo8(1)
 265 0150 0E94 0000 		call Kernel_Task_Sleep_Time_Get
 266 0154 0E94 0000 		call Debug_Tx_Word
 267               	.LM50:
 268 0158 81E0      		ldi r24,lo8(1)
 269 015a 0E94 0000 		call Kernel_Task_Status_Get
 270 015e 805E      		subi r24,lo8(-(32))
 271 0160 0E94 0000 		call Debug_Tx_Byte
 272               	.LM51:
 273 0164 0E94 0000 		call Kernel_High_Prio_Task_ID_Get
 274 0168 805F      		subi r24,lo8(-(16))
 275 016a 0E94 0000 		call Debug_Tx_Byte
 276               	.LM52:
 277 016e 0E94 0000 		call Kernel_NTask_Get
 278 0172 0E94 0000 		call Debug_Tx_Byte
 279 0176 00C0      		rjmp .L26
 280               	.LFE6:
 370               	.Letext0:
DEFINED SYMBOLS
                            *ABS*:00000000 tasks.c
C:\Users\WALTON\AppData\Local\Temp/ccKyQ9BY.s:2      *ABS*:0000003f __SREG__
C:\Users\WALTON\AppData\Local\Temp/ccKyQ9BY.s:3      *ABS*:0000003e __SP_H__
C:\Users\WALTON\AppData\Local\Temp/ccKyQ9BY.s:4      *ABS*:0000003d __SP_L__
C:\Users\WALTON\AppData\Local\Temp/ccKyQ9BY.s:5      *ABS*:00000034 __CCP__
C:\Users\WALTON\AppData\Local\Temp/ccKyQ9BY.s:6      *ABS*:00000000 __tmp_reg__
C:\Users\WALTON\AppData\Local\Temp/ccKyQ9BY.s:7      *ABS*:00000001 __zero_reg__
C:\Users\WALTON\AppData\Local\Temp/ccKyQ9BY.s:18     .text:00000000 Tasks_Task8
C:\Users\WALTON\AppData\Local\Temp/ccKyQ9BY.s:36     .text:00000010 Tasks_Task7
C:\Users\WALTON\AppData\Local\Temp/ccKyQ9BY.s:54     .text:00000020 Tasks_Task6
C:\Users\WALTON\AppData\Local\Temp/ccKyQ9BY.s:72     .text:00000030 Tasks_Task5
C:\Users\WALTON\AppData\Local\Temp/ccKyQ9BY.s:90     .text:00000040 Tasks_Task4
C:\Users\WALTON\AppData\Local\Temp/ccKyQ9BY.s:125    .text:00000078 Tasks_Task3
C:\Users\WALTON\AppData\Local\Temp/ccKyQ9BY.s:160    .text:000000b0 Tasks_Task2
C:\Users\WALTON\AppData\Local\Temp/ccKyQ9BY.s:203    .text:000000f4 Tasks_Task1
C:\Users\WALTON\AppData\Local\Temp/ccKyQ9BY.s:246    .text:00000138 Tasks_Task0

UNDEFINED SYMBOLS
Debug_Init
Debug_Tx_Byte_Conf
Kernel_Task_Sleep
Debug_Tx_Byte
Kernel_Task_Sleep_Time_Get
Debug_Tx_Word
Kernel_Task_Status_Get
Kernel_High_Prio_Task_ID_Get
Kernel_NTask_Get
